<?xml version="1.0" encoding="UTF-8"?>
<!-- Generated by org.testng.reporters.JUnitXMLReporter -->
<testsuite hostname="DESKTOP-SP1DG6S" ignored="0" name="Default test" tests="9" failures="0" timestamp="2020-07-10T19:48:59 IST" time="115.988" errors="0">
  <testcase name="VerifyWebSiteTitle" time="0.022" classname="seleniumActivities.SuiteCRM"/>
  <testcase name="HeaderImageUrl" time="0.066" classname="seleniumActivities.SuiteCRM"/>
  <testcase name="FirstCopyRightText" time="0.1" classname="seleniumActivities.SuiteCRM"/>
  <testcase name="LoggingSite" time="2.131" classname="seleniumActivities.SuiteCRM"/>
  <testcase name="NavigationMenuColor" time="1.941" classname="seleniumActivities.SuiteCRM"/>
  <testcase name="ActivitiesMenuChecking" time="1.888" classname="seleniumActivities.SuiteCRM"/>
  <testcase name="ReadingAdditionalInformation" time="21.484" classname="seleniumActivities.SuiteCRM"/>
  <testcase name="TraversingTables" time="10.259" classname="seleniumActivities.SuiteCRM"/>
  <testcase name="TraversingTables2" time="10.627" classname="seleniumActivities.SuiteCRM"/>
</testsuite> <!-- Default test -->
