<?xml version="1.0" encoding="UTF-8"?>
<testng-results skipped="0" failed="0" ignored="0" total="9" passed="9">
  <reporter-output>
  </reporter-output>
  <suite name="Default suite" duration-ms="115988" started-at="2020-07-10T19:47:03 IST" finished-at="2020-07-10T19:48:59 IST">
    <groups>
    </groups>
    <test name="Default test" duration-ms="115988" started-at="2020-07-10T19:47:03 IST" finished-at="2020-07-10T19:48:59 IST">
      <class name="seleniumActivities.SuiteCRM">
        <test-method status="PASS" signature="LaunchBrowser()[pri:0, instance:seleniumActivities.SuiteCRM@50b494a6]" name="LaunchBrowser" is-config="true" duration-ms="6991" started-at="2020-07-10T19:47:03 IST" finished-at="2020-07-10T19:47:10 IST">
          <reporter-output>
          </reporter-output>
        </test-method> <!-- LaunchBrowser -->
        <test-method status="PASS" signature="VerifyWebSiteTitle()[pri:0, instance:seleniumActivities.SuiteCRM@50b494a6]" name="VerifyWebSiteTitle" duration-ms="22" started-at="2020-07-10T19:47:10 IST" finished-at="2020-07-10T19:47:10 IST">
          <reporter-output>
          </reporter-output>
        </test-method> <!-- VerifyWebSiteTitle -->
        <test-method status="PASS" signature="CloseBrowser()[pri:0, instance:seleniumActivities.SuiteCRM@50b494a6]" name="CloseBrowser" is-config="true" duration-ms="1651" started-at="2020-07-10T19:47:10 IST" finished-at="2020-07-10T19:47:12 IST">
          <reporter-output>
          </reporter-output>
        </test-method> <!-- CloseBrowser -->
        <test-method status="PASS" signature="LaunchBrowser()[pri:0, instance:seleniumActivities.SuiteCRM@50b494a6]" name="LaunchBrowser" is-config="true" duration-ms="5639" started-at="2020-07-10T19:47:12 IST" finished-at="2020-07-10T19:47:17 IST">
          <reporter-output>
          </reporter-output>
        </test-method> <!-- LaunchBrowser -->
        <test-method status="PASS" signature="HeaderImageUrl()[pri:1, instance:seleniumActivities.SuiteCRM@50b494a6]" name="HeaderImageUrl" duration-ms="66" started-at="2020-07-10T19:47:17 IST" finished-at="2020-07-10T19:47:17 IST">
          <reporter-output>
          </reporter-output>
        </test-method> <!-- HeaderImageUrl -->
        <test-method status="PASS" signature="CloseBrowser()[pri:0, instance:seleniumActivities.SuiteCRM@50b494a6]" name="CloseBrowser" is-config="true" duration-ms="1759" started-at="2020-07-10T19:47:17 IST" finished-at="2020-07-10T19:47:19 IST">
          <reporter-output>
          </reporter-output>
        </test-method> <!-- CloseBrowser -->
        <test-method status="PASS" signature="LaunchBrowser()[pri:0, instance:seleniumActivities.SuiteCRM@50b494a6]" name="LaunchBrowser" is-config="true" duration-ms="5479" started-at="2020-07-10T19:47:19 IST" finished-at="2020-07-10T19:47:25 IST">
          <reporter-output>
          </reporter-output>
        </test-method> <!-- LaunchBrowser -->
        <test-method status="PASS" signature="FirstCopyRightText()[pri:2, instance:seleniumActivities.SuiteCRM@50b494a6]" name="FirstCopyRightText" duration-ms="100" started-at="2020-07-10T19:47:25 IST" finished-at="2020-07-10T19:47:25 IST">
          <reporter-output>
          </reporter-output>
        </test-method> <!-- FirstCopyRightText -->
        <test-method status="PASS" signature="CloseBrowser()[pri:0, instance:seleniumActivities.SuiteCRM@50b494a6]" name="CloseBrowser" is-config="true" duration-ms="1333" started-at="2020-07-10T19:47:25 IST" finished-at="2020-07-10T19:47:26 IST">
          <reporter-output>
          </reporter-output>
        </test-method> <!-- CloseBrowser -->
        <test-method status="PASS" signature="LaunchBrowser()[pri:0, instance:seleniumActivities.SuiteCRM@50b494a6]" name="LaunchBrowser" is-config="true" duration-ms="5204" started-at="2020-07-10T19:47:26 IST" finished-at="2020-07-10T19:47:31 IST">
          <reporter-output>
          </reporter-output>
        </test-method> <!-- LaunchBrowser -->
        <test-method status="PASS" signature="LoggingSite()[pri:3, instance:seleniumActivities.SuiteCRM@50b494a6]" name="LoggingSite" duration-ms="2131" started-at="2020-07-10T19:47:31 IST" finished-at="2020-07-10T19:47:33 IST">
          <reporter-output>
          </reporter-output>
        </test-method> <!-- LoggingSite -->
        <test-method status="PASS" signature="CloseBrowser()[pri:0, instance:seleniumActivities.SuiteCRM@50b494a6]" name="CloseBrowser" is-config="true" duration-ms="1434" started-at="2020-07-10T19:47:33 IST" finished-at="2020-07-10T19:47:35 IST">
          <reporter-output>
          </reporter-output>
        </test-method> <!-- CloseBrowser -->
        <test-method status="PASS" signature="LaunchBrowser()[pri:0, instance:seleniumActivities.SuiteCRM@50b494a6]" name="LaunchBrowser" is-config="true" duration-ms="6994" started-at="2020-07-10T19:47:35 IST" finished-at="2020-07-10T19:47:42 IST">
          <reporter-output>
          </reporter-output>
        </test-method> <!-- LaunchBrowser -->
        <test-method status="PASS" signature="NavigationMenuColor()[pri:4, instance:seleniumActivities.SuiteCRM@50b494a6]" name="NavigationMenuColor" duration-ms="1941" started-at="2020-07-10T19:47:42 IST" finished-at="2020-07-10T19:47:44 IST">
          <reporter-output>
          </reporter-output>
        </test-method> <!-- NavigationMenuColor -->
        <test-method status="PASS" signature="CloseBrowser()[pri:0, instance:seleniumActivities.SuiteCRM@50b494a6]" name="CloseBrowser" is-config="true" duration-ms="1703" started-at="2020-07-10T19:47:44 IST" finished-at="2020-07-10T19:47:46 IST">
          <reporter-output>
          </reporter-output>
        </test-method> <!-- CloseBrowser -->
        <test-method status="PASS" signature="LaunchBrowser()[pri:0, instance:seleniumActivities.SuiteCRM@50b494a6]" name="LaunchBrowser" is-config="true" duration-ms="5688" started-at="2020-07-10T19:47:46 IST" finished-at="2020-07-10T19:47:51 IST">
          <reporter-output>
          </reporter-output>
        </test-method> <!-- LaunchBrowser -->
        <test-method status="PASS" signature="ActivitiesMenuChecking()[pri:5, instance:seleniumActivities.SuiteCRM@50b494a6]" name="ActivitiesMenuChecking" duration-ms="1888" started-at="2020-07-10T19:47:51 IST" finished-at="2020-07-10T19:47:53 IST">
          <reporter-output>
          </reporter-output>
        </test-method> <!-- ActivitiesMenuChecking -->
        <test-method status="PASS" signature="CloseBrowser()[pri:0, instance:seleniumActivities.SuiteCRM@50b494a6]" name="CloseBrowser" is-config="true" duration-ms="1712" started-at="2020-07-10T19:47:53 IST" finished-at="2020-07-10T19:47:55 IST">
          <reporter-output>
          </reporter-output>
        </test-method> <!-- CloseBrowser -->
        <test-method status="PASS" signature="LaunchBrowser()[pri:0, instance:seleniumActivities.SuiteCRM@50b494a6]" name="LaunchBrowser" is-config="true" duration-ms="5808" started-at="2020-07-10T19:47:55 IST" finished-at="2020-07-10T19:48:01 IST">
          <reporter-output>
          </reporter-output>
        </test-method> <!-- LaunchBrowser -->
        <test-method status="PASS" signature="ReadingAdditionalInformation()[pri:6, instance:seleniumActivities.SuiteCRM@50b494a6]" name="ReadingAdditionalInformation" duration-ms="21484" started-at="2020-07-10T19:48:01 IST" finished-at="2020-07-10T19:48:22 IST">
          <reporter-output>
          </reporter-output>
        </test-method> <!-- ReadingAdditionalInformation -->
        <test-method status="PASS" signature="CloseBrowser()[pri:0, instance:seleniumActivities.SuiteCRM@50b494a6]" name="CloseBrowser" is-config="true" duration-ms="1583" started-at="2020-07-10T19:48:22 IST" finished-at="2020-07-10T19:48:24 IST">
          <reporter-output>
          </reporter-output>
        </test-method> <!-- CloseBrowser -->
        <test-method status="PASS" signature="LaunchBrowser()[pri:0, instance:seleniumActivities.SuiteCRM@50b494a6]" name="LaunchBrowser" is-config="true" duration-ms="5853" started-at="2020-07-10T19:48:24 IST" finished-at="2020-07-10T19:48:30 IST">
          <reporter-output>
          </reporter-output>
        </test-method> <!-- LaunchBrowser -->
        <test-method status="PASS" signature="TraversingTables()[pri:7, instance:seleniumActivities.SuiteCRM@50b494a6]" name="TraversingTables" duration-ms="10259" started-at="2020-07-10T19:48:30 IST" finished-at="2020-07-10T19:48:40 IST">
          <reporter-output>
          </reporter-output>
        </test-method> <!-- TraversingTables -->
        <test-method status="PASS" signature="CloseBrowser()[pri:0, instance:seleniumActivities.SuiteCRM@50b494a6]" name="CloseBrowser" is-config="true" duration-ms="1613" started-at="2020-07-10T19:48:40 IST" finished-at="2020-07-10T19:48:41 IST">
          <reporter-output>
          </reporter-output>
        </test-method> <!-- CloseBrowser -->
        <test-method status="PASS" signature="LaunchBrowser()[pri:0, instance:seleniumActivities.SuiteCRM@50b494a6]" name="LaunchBrowser" is-config="true" duration-ms="5435" started-at="2020-07-10T19:48:41 IST" finished-at="2020-07-10T19:48:47 IST">
          <reporter-output>
          </reporter-output>
        </test-method> <!-- LaunchBrowser -->
        <test-method status="PASS" signature="TraversingTables2()[pri:8, instance:seleniumActivities.SuiteCRM@50b494a6]" name="TraversingTables2" duration-ms="10627" started-at="2020-07-10T19:48:47 IST" finished-at="2020-07-10T19:48:58 IST">
          <reporter-output>
          </reporter-output>
        </test-method> <!-- TraversingTables2 -->
        <test-method status="PASS" signature="CloseBrowser()[pri:0, instance:seleniumActivities.SuiteCRM@50b494a6]" name="CloseBrowser" is-config="true" duration-ms="1528" started-at="2020-07-10T19:48:58 IST" finished-at="2020-07-10T19:48:59 IST">
          <reporter-output>
          </reporter-output>
        </test-method> <!-- CloseBrowser -->
      </class> <!-- seleniumActivities.SuiteCRM -->
    </test> <!-- Default test -->
  </suite> <!-- Default suite -->
</testng-results>
